DressupAndroid/zrsinglephoto/build/intermediates/manifest_merge_blame_file/debug/manifest-merger-blame-debug-report.txt
1<?xml version="1.0" encoding="utf-8"?>
2<manifest xmlns:android="http://schemas.android.com/apk/res/android"
3    xmlns:tools="http://schemas.android.com/tools"
4    package="com.example.zrsinglephoto" > <!-- android:requestLegacyExternalStorage="true"   解释在根目录下 -->
5    <uses-sdk android:minSdkVersion="22" />
5-->src/main/AndroidManifest.xml
6
7    <uses-permission android:name="android.permission.READ_MEDIA_IMAGES" />
7-->src/main/AndroidManifest.xml:5:5-76
7-->src/main/AndroidManifest.xml:5:22-73
8    <uses-permission android:name="android.permission.READ_MEDIA_VIDEO" />
8-->src/main/AndroidManifest.xml:6:5-75
8-->src/main/AndroidManifest.xml:6:22-72
9    <uses-permission android:name="android.permission.READ_MEDIA_AUDIO" />
9-->src/main/AndroidManifest.xml:7:5-75
9-->src/main/AndroidManifest.xml:7:22-72
10    <uses-permission android:name="android.permission.READ_MEDIA_AUDIO" />
10-->src/main/AndroidManifest.xml:7:5-75
10-->src/main/AndroidManifest.xml:7:22-72
11    <uses-permission android:name="android.permission.CAMERA" />
11-->src/main/AndroidManifest.xml:10:5-65
11-->src/main/AndroidManifest.xml:10:22-62
12    <uses-permission android:name="android.permission.READ_EXTERNAL_STORAGE" />
12-->src/main/AndroidManifest.xml:11:5-80
12-->src/main/AndroidManifest.xml:11:22-77
13    <uses-permission android:name="android.permission.WRITE_EXTERNAL_STORAGE" />
13-->src/main/AndroidManifest.xml:12:5-81
13-->src/main/AndroidManifest.xml:12:22-78
14    <uses-permission
14-->src/main/AndroidManifest.xml:13:5-15:47
15        android:name="android.permission.MOUNT_UNMOUNT_FILESYSTEMS"
15-->src/main/AndroidManifest.xml:14:9-68
16        tools:ignore="ProtectedPermissions" />
16-->src/main/AndroidManifest.xml:15:9-44
17
18    <!-- <application -->
19    <!-- tools:node="replace" -->
20    <!-- android:requestLegacyExternalStorage="true" -->
21    <!-- android:allowBackup="true" -->
22    <!-- android:dataExtractionRules="@xml/data_extraction_rules" -->
23    <!-- android:fullBackupContent="@xml/backup_rules" -->
24    <!-- android:icon="@mipmap/ic_launcher" -->
25    <!-- android:supportsRtl="true" -->
26    <!-- android:label="@string/app_name" -->
27    <!-- android:theme="@style/Theme.ZrSinglePhotos" -->
28    <!-- tools:targetApi="31"> -->
29    <!--  -->
30    <application>
30-->src/main/AndroidManifest.xml:29:9-81:19
31
32        <!-- <activity -->
33        <!-- android:name=".test.TestActivity" -->
34        <!-- android:configChanges="orientation|keyboardHidden|screenSize" -->
35        <!-- android:screenOrientation="portrait" -->
36        <!-- android:theme="@style/EasyPhotosTheme" -->
37        <!-- android:exported="true"> -->
38        <!-- <intent-filter> -->
39        <!-- <action android:name="android.intent.action.MAIN" /> -->
40
41
42        <!-- <category android:name="android.intent.category.LAUNCHER" /> -->
43        <!-- </intent-filter> -->
44        <!-- </activity> -->
45        <!-- 这里的需要加入到unity的进程  所以修改为unity的进程 -->
46        <activity
46-->src/main/AndroidManifest.xml:43:9-48:54
47            android:name="com.example.zrsinglephoto.easyphotos.ui.EasyPhotosActivity"
47-->src/main/AndroidManifest.xml:45:13-61
48            android:configChanges="orientation|keyboardHidden|screenSize"
48-->src/main/AndroidManifest.xml:46:13-74
49            android:process=":UnityActivity"
49-->src/main/AndroidManifest.xml:44:13-45
50            android:screenOrientation="portrait"
50-->src/main/AndroidManifest.xml:47:13-49
51            android:theme="@style/EasyPhotosTheme" />
51-->src/main/AndroidManifest.xml:48:13-51
52        <activity
52-->src/main/AndroidManifest.xml:49:9-54:64
53            android:name="com.example.zrsinglephoto.easyphotos.ui.PreviewActivity"
53-->src/main/AndroidManifest.xml:51:13-58
54            android:configChanges="orientation|keyboardHidden|screenSize"
54-->src/main/AndroidManifest.xml:52:13-74
55            android:process=":UnityActivity"
55-->src/main/AndroidManifest.xml:50:13-45
56            android:screenOrientation="portrait"
56-->src/main/AndroidManifest.xml:53:13-49
57            android:theme="@style/EasyPhotosFullscreenTheme" />
57-->src/main/AndroidManifest.xml:54:13-61
58        <activity
58-->src/main/AndroidManifest.xml:55:9-61:55
59            android:name="com.example.zrsinglephoto.easyphotos.ui.PuzzleActivity"
59-->src/main/AndroidManifest.xml:57:13-57
60            android:configChanges="orientation|keyboardHidden|screenSize"
60-->src/main/AndroidManifest.xml:58:13-74
61            android:process=":UnityActivity"
61-->src/main/AndroidManifest.xml:56:13-45
62            android:screenOrientation="portrait"
62-->src/main/AndroidManifest.xml:59:13-49
63            android:theme="@style/EasyPhotosTheme"
63-->src/main/AndroidManifest.xml:60:13-51
64            android:windowSoftInputMode="adjustPan" />
64-->src/main/AndroidManifest.xml:61:13-52
65        <activity
65-->src/main/AndroidManifest.xml:63:9-68:54
66            android:name="com.example.zrsinglephoto.easyphotos.ui.PuzzleSelectorActivity"
66-->src/main/AndroidManifest.xml:65:13-65
67            android:configChanges="orientation|keyboardHidden|screenSize"
67-->src/main/AndroidManifest.xml:66:13-74
68            android:process=":UnityActivity"
68-->src/main/AndroidManifest.xml:64:13-45
69            android:screenOrientation="portrait"
69-->src/main/AndroidManifest.xml:67:13-49
70            android:theme="@style/EasyPhotosTheme" />
70-->src/main/AndroidManifest.xml:68:13-51
71
72        <!-- 授权访问uri  解释在根目录 details -->
73        <provider
73-->src/main/AndroidManifest.xml:71:9-80:20
74            android:name="androidx.core.content.FileProvider"
74-->src/main/AndroidManifest.xml:73:13-62
75            android:authorities="com.example.zrsinglephoto.fileprovider"
75-->src/main/AndroidManifest.xml:74:13-73
76            android:exported="false"
76-->src/main/AndroidManifest.xml:75:13-37
77            android:grantUriPermissions="true"
77-->src/main/AndroidManifest.xml:76:13-47
78            android:process=":UnityActivity" >
78-->src/main/AndroidManifest.xml:72:13-45
79            <meta-data
79-->src/main/AndroidManifest.xml:77:13-79:61
80                android:name="android.support.FILE_PROVIDER_PATHS"
80-->src/main/AndroidManifest.xml:78:17-67
81                android:resource="@xml/file_paths_public" />
81-->src/main/AndroidManifest.xml:79:17-58
82        </provider>
83    </application>
84
85</manifest>